Stopped in 54 steps at PC = 0x11.  Status 'HLT', CC Z=1 S=0 O=0
Changes to registers:
%eax:	0x00000000	0x00000cba
%ecx:	0x00000000	0x0000002c
%ebx:	0x00000000	0x00000020
%esp:	0x00000000	0x00000100
%ebp:	0x00000000	0x00000100
%esi:	0x00000000	0x00000c00
%edi:	0x00000000	0xffffffff

Changes to memory:
0x0020:	0x00000111	0x0000000a
0x0024:	0x00000222	0x000000b0
0x0028:	0x00000333	0x00000c00
0x00e4:	0x00000000	0x000000f8
0x00e8:	0x00000000	0x0000004d
0x00ec:	0x00000000	0x00000014
0x00f0:	0x00000000	0x00000020
0x00f4:	0x00000000	0x00000003
0x00f8:	0x00000000	0x00000100
0x00fc:	0x00000000	0x00000011
