Stopped in 71 steps at PC = 0x11.  Status 'HLT', CC Z=0 S=0 O=0
Changes to registers:
%eax:	0x00000000	0x00000cba
%edx:	0x00000000	0x0000000a
%esp:	0x00000000	0x00000100
%ebp:	0x00000000	0x00000100

Changes to memory:
0x00b8:	0x00000000	0x00000014
0x00bc:	0x00000000	0x000000cc
0x00c0:	0x00000000	0x00000062
0x00c8:	0x00000000	0x0000001c
0x00cc:	0x00000000	0x000000dc
0x00d0:	0x00000000	0x00000062
0x00d4:	0x00000000	0x00000014
0x00d8:	0x00000000	0x00000024
0x00dc:	0x00000000	0x000000ec
0x00e0:	0x00000000	0x00000062
0x00e4:	0x00000000	0x0000001c
0x00ec:	0x00000000	0x000000f8
0x00f0:	0x00000000	0x0000003d
0x00f4:	0x00000000	0x00000024
0x00f8:	0x00000000	0x00000100
0x00fc:	0x00000000	0x00000011
